Installation started 2020-11-18 09:45:23
Attempting to connect to database mediaload_ads with user root
Database created mediaload_ads
Connected to database mediaload_ads
Database settings and permissions are OK
creating upgrade_action audit table
successfully created upgrade_action audit table
creating database_action audit table
successfully created database_action audit table
schema definition from cache TRUE
Installation created the core tables
Installation updated the schema version to 623
Installation updated the application version to 5.0.5
Preparing to set timezone preference...
Found timezone preference ID of 16
Found the admin account's timezone association, updating preference...
Updated the admin account timezone preference to: 'UTC'
Starting file-check for plugins...
Finished file-check for plugins
Starting file-check for plugins...
Finished file-check for plugins
Starting file-check for plugins...
Finished file-check for plugins
